2019-05-22 12:58:50,180 [Worker-6: Loading available Gradle versions] INFO  o.e.b.c.i.u.g.PublishedGradleVersions - Gradle version information cache is not available. Remote download required.
2019-05-23 13:21:18,404 [Worker-5: Loading available Gradle versions] INFO  o.e.b.c.i.u.g.PublishedGradleVersions - Gradle version information cache is out-of-date. Trying to update.
2019-05-23 17:28:08,017 [Worker-5: Loading available Gradle versions] INFO  o.e.b.c.i.u.g.PublishedGradleVersions - Gradle version information cache is up-to-date. Trying to read.
2019-05-23 17:59:57,068 [ModalContext] INFO  o.e.m.c.i.e.AbstractTransferListenerAdapter - Downloaded https://repo.maven.apache.org/maven2/org/apache/maven/archetypes/maven-archetype-quickstart/1.1/maven-archetype-quickstart-1.1.jar
2019-05-23 18:01:02,672 [Worker-6: Creating maven-archetype-quickstart] INFO  o.e.m.c.i.e.AbstractTransferListenerAdapter - Downloaded https://repo.maven.apache.org/maven2/org/apache/maven/archetypes/maven-archetype-quickstart/1.1/maven-archetype-quickstart-1.1.pom
2019-05-23 18:06:16,239 [Worker-16: reload maven project] INFO  o.e.m.c.i.e.AbstractTransferListenerAdapter - Downloaded https://repo.maven.apache.org/maven2/junit/junit/4.11/junit-4.11.pom
2019-05-23 18:06:46,292 [main] INFO  o.e.m2e.actions.ExecutePomAction - Creating new launch configuration
2019-05-23 18:06:59,734 [Worker-16: Launching SampleApplication] INFO  o.e.m.i.launch.MavenLaunchDelegate - D:\STS-Workspace\SampleApplication
2019-05-23 18:06:59,734 [Worker-16: Launching SampleApplication] INFO  o.e.m.i.launch.MavenLaunchDelegate -  mvn -B clean install
2019-05-23 18:45:40,717 [main] INFO  o.e.m2e.actions.ExecutePomAction - Using existing launch configuration
2019-05-23 18:45:41,037 [Worker-6: Launching SampleApplication] INFO  o.e.m.i.launch.MavenLaunchDelegate - D:\STS-Workspace\SampleApplication
2019-05-23 18:45:41,037 [Worker-6: Launching SampleApplication] INFO  o.e.m.i.launch.MavenLaunchDelegate -  mvn -B clean install
2019-05-23 19:01:05,220 [main] INFO  o.e.m2e.actions.ExecutePomAction - Using existing launch configuration
2019-05-23 19:01:05,328 [Worker-13: Launching SampleApplication] INFO  o.e.m.i.launch.MavenLaunchDelegate - D:\STS-Workspace\SampleApplication
2019-05-23 19:01:05,329 [Worker-13: Launching SampleApplication] INFO  o.e.m.i.launch.MavenLaunchDelegate -  mvn -B -gs C:\Users\Sreekanth_Veeturi\.m2\settings.xml -s C:\Users\Sreekanth_Veeturi\.m2\settings.xml clean install
2019-05-23 19:10:09,980 [main] INFO  o.e.m2e.actions.ExecutePomAction - Creating new launch configuration
2019-05-23 19:10:16,200 [Worker-19: Launching SampleApplication (1)] INFO  o.e.m.i.launch.MavenLaunchDelegate - D:\STS-Workspace\SampleApplication
2019-05-23 19:10:16,202 [Worker-19: Launching SampleApplication (1)] INFO  o.e.m.i.launch.MavenLaunchDelegate -  mvn -B -gs C:\Users\Sreekanth_Veeturi\.m2\settings.xml -s C:\Users\Sreekanth_Veeturi\.m2\settings.xml clean install
2019-05-23 19:12:01,292 [main] INFO  o.e.m2e.actions.ExecutePomAction - Creating new launch configuration
2019-05-23 19:12:07,395 [Worker-29: Launching SampleApplication (2)] INFO  o.e.m.i.launch.MavenLaunchDelegate - D:\STS-Workspace\SampleApplication
2019-05-23 19:12:07,396 [Worker-29: Launching SampleApplication (2)] INFO  o.e.m.i.launch.MavenLaunchDelegate -  mvn -B -gs C:\Users\Sreekanth_Veeturi\.m2\settings.xml -s C:\Users\Sreekanth_Veeturi\.m2\settings.xml clean install
2019-05-23 19:12:48,205 [main] INFO  o.e.m2e.actions.ExecutePomAction - Creating new launch configuration
2019-05-23 19:12:54,534 [Worker-30: Launching SampleApplication (3)] INFO  o.e.m.i.launch.MavenLaunchDelegate - D:\STS-Workspace\SampleApplication
2019-05-23 19:12:54,536 [Worker-30: Launching SampleApplication (3)] INFO  o.e.m.i.launch.MavenLaunchDelegate -  mvn -B -gs C:\Users\Sreekanth_Veeturi\.m2\settings.xml -s C:\Users\Sreekanth_Veeturi\.m2\settings.xml clean install
